<?xml version="1.0" encoding="UTF-8"?>
<!-- Generated by org.testng.reporters.JUnitReportReporter -->
<testsuite skipped="0" hostname="LAPTOP-K2MCNC53" name="E2EProject.E2EProject.HomePage" tests="2" failures="0" timestamp="11 Sep 2019 17:25:38 GMT" time="15.335" errors="0">
  <testcase name="pageNavigation" time="7.395" classname="E2EProject.E2EProject.HomePage"/>
  <testcase name="pageNavigation" time="7.940" classname="E2EProject.E2EProject.HomePage"/>
</testsuite> <!-- E2EProject.E2EProject.HomePage -->
