<?xml version="1.0" encoding="UTF-8"?>
<!-- Generated by org.testng.reporters.JUnitReportReporter -->
<testsuite skipped="0" hostname="LAPTOP-K2MCNC53" name="E2EProject.E2EProject.ValidateTitle" tests="1" failures="0" timestamp="11 Sep 2019 17:25:38 GMT" time="0.031" errors="0">
  <testcase name="pageNavigation" time="0.031" classname="E2EProject.E2EProject.ValidateTitle"/>
</testsuite> <!-- E2EProject.E2EProject.ValidateTitle -->
