<?xml version="1.0" encoding="UTF-8"?>
<!-- Generated by org.testng.reporters.JUnitReportReporter -->
<testsuite skipped="0" hostname="LAPTOP-K2MCNC53" name="E2EProject.E2EProject.HomePage" tests="2" failures="0" timestamp="14 Sep 2019 15:13:23 GMT" time="14.962" errors="0">
  <testcase name="pageNavigation" time="7.819" classname="E2EProject.E2EProject.HomePage"/>
  <testcase name="pageNavigation" time="7.143" classname="E2EProject.E2EProject.HomePage"/>
</testsuite> <!-- E2EProject.E2EProject.HomePage -->
