<?xml version="1.0" encoding="UTF-8"?>
<!-- Generated by org.testng.reporters.JUnitReportReporter -->
<testsuite skipped="0" hostname="LAPTOP-K2MCNC53" name="cucumberOptions.TestRunner" tests="1" failures="0" timestamp="15 Sep 2019 08:57:05 GMT" time="42.941" errors="0">
  <testcase name="feature" time="42.941" classname="cucumberOptions.TestRunner"/>
</testsuite> <!-- cucumberOptions.TestRunner -->
