<?xml version="1.0" encoding="UTF-8"?>
<!-- Generated by org.testng.reporters.JUnitReportReporter -->
<testsuite skipped="0" hostname="LAPTOP-K2MCNC53" name="E2EProject.E2EProject.HomePage" tests="2" failures="0" timestamp="14 Sep 2019 15:01:30 GMT" time="17.201" errors="0">
  <testcase name="pageNavigation" time="7.623" classname="E2EProject.E2EProject.HomePage"/>
  <testcase name="pageNavigation" time="9.578" classname="E2EProject.E2EProject.HomePage"/>
</testsuite> <!-- E2EProject.E2EProject.HomePage -->
